###############################################################################
#
# IAR C/C++ Compiler V10.30.1.6000 for 8051               02/Jun/2019  08:52:57
# Copyright 2004-2018 IAR Systems AB.
# PC-locked license - IAR Embedded Workbench for 8051
#
#    Core               =  plain
#    Code model         =  banked
#    Data model         =  large
#    Calling convention =  xdata reentrant
#    Constant location  =  data_rom
#    Dptr setup         =  1,16
#                          
#    Source file        =  
#        D:\IAR\实验指导书\Code\Cap2_ZStack\ZStack-CC2530-r200\Projects\SappWsn\Source\APP_Base.c
#    Command line       =  
#        -f C:\Users\LENOVO\AppData\Local\Temp\EW838F.tmp
#        (D:\IAR\实验指导书\Code\Cap2_ZStack\ZStack-CC2530-r200\Projects\SappWsn\Source\APP_Base.c
#        -D NWK_AUTO_POLL -D ZTOOL_P1 -D MT_TASK -D xMT_SYS_FUNC -D MT_ZDO_FUNC
#        -D SAPP_ZSTACK_DEMO -lC
#        D:\IAR\实验指导书\Code\Cap2_ZStack\ZStack-CC2530-r200\Projects\SappWsn\Demo\List
#        -lA
#        D:\IAR\实验指导书\Code\Cap2_ZStack\ZStack-CC2530-r200\Projects\SappWsn\Demo\List
#        --diag_suppress Pe001,Pa010 -o
#        D:\IAR\实验指导书\Code\Cap2_ZStack\ZStack-CC2530-r200\Projects\SappWsn\Demo\Obj
#        -e --debug --core=plain --dptr=16,1 --data_model=large
#        --code_model=banked --calling_convention=xdata_reentrant
#        --place_constants=data_rom --nr_virtual_regs 8 -f
#        D:\IAR\实验指导书\Code\Cap2_ZStack\ZStack-CC2530-r200\Projects\SappWsn\..\zstack\Tools\CC2530DB\f8wEndev.cfg
#        (-DCPU32MHZ -DROOT=__near_func -DMAC_CFG_TX_DATA_MAX=3
#        -DMAC_CFG_TX_MAX=6 -DMAC_CFG_RX_MAX=3) -f
#        D:\IAR\实验指导书\Code\Cap2_ZStack\ZStack-CC2530-r200\Projects\SappWsn\..\zstack\Tools\CC2530DB\f8wConfig.cfg
#        (-DZIGBEEPRO -DSECURE=0 -DZG_SECURE_DYNAMIC=0 -DREFLECTOR
#        -DDEFAULT_CHANLIST=0x00000800 -DZDAPP_CONFIG_PAN_ID=0x0029
#        -DNWK_START_DELAY=100 -DEXTENDED_JOINING_RANDOM_MASK=0x007F
#        -DBEACON_REQUEST_DELAY=100 -DBEACON_REQ_DELAY_MASK=0x00FF
#        -DLINK_STATUS_JITTER_MASK=0x007F -DROUTE_EXPIRY_TIME=30
#        -DAPSC_ACK_WAIT_DURATION_POLLED=3000 -DNWK_INDIRECT_MSG_TIMEOUT=7
#        -DMAX_RREQ_ENTRIES=8 -DAPSC_MAX_FRAME_RETRIES=3
#        -DNWK_MAX_DATA_RETRIES=2 -DMAX_POLL_FAILURE_RETRIES=2 -DMAX_BCAST=9
#        -DAPS_MAX_GROUPS=16 -DMAX_RTG_ENTRIES=40 -DNWK_MAX_BINDING_ENTRIES=4
#        -DMAX_BINDING_CLUSTER_IDS=4 "-DDEFAULT_KEY={0x01, 0x03, 0x05, 0x07,
#        0x09, 0x0B, 0x0D, 0x0F, 0x00, 0x02, 0x04, 0x06, 0x08, 0x0A, 0x0C,
#        0x0D}" -DMAC_MAX_FRAME_SIZE=116 -DZDNWKMGR_MIN_TRANSMISSIONS=20
#        "-DCONST=const __code" -DGENERIC=__generic -DRFD_RCVC_ALWAYS_ON=FALSE
#        -DPOLL_RATE=1000 -DQUEUED_POLL_RATE=100 -DRESPONSE_POLL_RATE=100
#        -DREJOIN_POLL_RATE=440) -I
#        D:\IAR\实验指导书\Code\Cap2_ZStack\ZStack-CC2530-r200\Projects\SappWsn\
#        -I
#        D:\IAR\实验指导书\Code\Cap2_ZStack\ZStack-CC2530-r200\Projects\SappWsn\Source\
#        -I
#        D:\IAR\实验指导书\Code\Cap2_ZStack\ZStack-CC2530-r200\Projects\SappWsn\..\zstack\ZMain\TI2530DB\
#        -I
#        D:\IAR\实验指导书\Code\Cap2_ZStack\ZStack-CC2530-r200\Projects\SappWsn\..\..\Components\hal\include\
#        -I
#        D:\IAR\实验指导书\Code\Cap2_ZStack\ZStack-CC2530-r200\Projects\SappWsn\..\..\Components\hal\target\CC2530EB\
#        -I
#        D:\IAR\实验指导书\Code\Cap2_ZStack\ZStack-CC2530-r200\Projects\SappWsn\..\..\Components\mac\include\
#        -I
#        D:\IAR\实验指导书\Code\Cap2_ZStack\ZStack-CC2530-r200\Projects\SappWsn\..\..\Components\mac\high_level\
#        -I
#        D:\IAR\实验指导书\Code\Cap2_ZStack\ZStack-CC2530-r200\Projects\SappWsn\..\..\Components\mac\low_level\srf04\
#        -I
#        D:\IAR\实验指导书\Code\Cap2_ZStack\ZStack-CC2530-r200\Projects\SappWsn\..\..\Components\mac\low_level\srf04\single_chip\
#        -I
#        D:\IAR\实验指导书\Code\Cap2_ZStack\ZStack-CC2530-r200\Projects\SappWsn\..\..\Components\mt\
#        -I
#        D:\IAR\实验指导书\Code\Cap2_ZStack\ZStack-CC2530-r200\Projects\SappWsn\..\..\Components\osal\include\
#        -I
#        D:\IAR\实验指导书\Code\Cap2_ZStack\ZStack-CC2530-r200\Projects\SappWsn\..\..\Components\services\saddr\
#        -I
#        D:\IAR\实验指导书\Code\Cap2_ZStack\ZStack-CC2530-r200\Projects\SappWsn\..\..\Components\services\sdata\
#        -I
#        D:\IAR\实验指导书\Code\Cap2_ZStack\ZStack-CC2530-r200\Projects\SappWsn\..\..\Components\stack\af\
#        -I
#        D:\IAR\实验指导书\Code\Cap2_ZStack\ZStack-CC2530-r200\Projects\SappWsn\..\..\Components\stack\nwk\
#        -I
#        D:\IAR\实验指导书\Code\Cap2_ZStack\ZStack-CC2530-r200\Projects\SappWsn\..\..\Components\stack\sapi\
#        -I
#        D:\IAR\实验指导书\Code\Cap2_ZStack\ZStack-CC2530-r200\Projects\SappWsn\..\..\Components\stack\sec\
#        -I
#        D:\IAR\实验指导书\Code\Cap2_ZStack\ZStack-CC2530-r200\Projects\SappWsn\..\..\Components\stack\sys\
#        -I
#        D:\IAR\实验指导书\Code\Cap2_ZStack\ZStack-CC2530-r200\Projects\SappWsn\..\..\Components\stack\zdo\
#        -I
#        D:\IAR\实验指导书\Code\Cap2_ZStack\ZStack-CC2530-r200\Projects\SappWsn\..\..\Components\zmac\
#        -I
#        D:\IAR\实验指导书\Code\Cap2_ZStack\ZStack-CC2530-r200\Projects\SappWsn\..\..\Components\zmac\f8w\
#        -Ohz --require_prototypes --no_code_motion)
#    Locale             =  Chinese (Simplified)_CHN.936
#    List file          =  
#        D:\IAR\实验指导书\Code\Cap2_ZStack\ZStack-CC2530-r200\Projects\SappWsn\Demo\List\APP_Base.lst
#    Object file        =  
#        D:\IAR\实验指导书\Code\Cap2_ZStack\ZStack-CC2530-r200\Projects\SappWsn\Demo\Obj\APP_Base.r51
#
###############################################################################

D:\IAR\实验指导书\Code\Cap2_ZStack\ZStack-CC2530-r200\Projects\SappWsn\Source\APP_Base.c
      1          #include "APP_Base.h"
      2          
      3          #if defined(SAPP_ZSTACK_DEMO)
      4          #include "hal_led.h"
      5          // 任务建立实验范例代码
      6          // 任务处理函数
      7          void Delay(){
                      ^
Error[Pa045]: function "Delay" has no prototype
      8           For(int i = 0;i<1000;i++) 
                  ^
Error[Pe223]: function "For" declared implicitly

   For(int i = 0;i<1000;i++) 
       ^
"D:\IAR\瀹楠瀵间功\Code\Cap2_ZStack\ZStack-CC2530-r200\Projects\SappWsn\Source\APP_Base.c",8  Error[Pe029]: 
          expected an expression

   For(int i = 0;i<1000;i++) 
                ^
"D:\IAR\瀹楠瀵间功\Code\Cap2_ZStack\ZStack-CC2530-r200\Projects\SappWsn\Source\APP_Base.c",8  Error[Pe018]: 
          expected a ")"

   For(int i = 0;i<1000;i++) 
                 ^
"D:\IAR\瀹楠瀵间功\Code\Cap2_ZStack\ZStack-CC2530-r200\Projects\SappWsn\Source\APP_Base.c",8  Error[Pe020]: 
          identifier "i" is undefined

   For(int i = 0;i<1000;i++) 
                           ^
"D:\IAR\瀹楠瀵间功\Code\Cap2_ZStack\ZStack-CC2530-r200\Projects\SappWsn\Source\APP_Base.c",8  Error[Pe065]: 
          expected a ";"
      9             For(int i = 0;i<1000;i++) 
     10               For(int i = 0;i<1000;i++) 
     11                 For(int i = 0;i<1000;i++) 
     12                   For(int i = 0;i<1000;i++) 
     13          }
                 ^
Warning[Pe012]: parsing restarts here after previous syntax error
     14          uint16 Hello_ProcessEvent(uint8 task_id, uint16 events);
     15          uint16 Hello_ProcessEvent(uint8 task_id, uint16 events)
     16          {
     17            while(1){
     18              
     19              if(events & 0x0001)
     20              {
     21                  // 控制LED闪烁
     22                  HalLedBlink(HAL_LED_1, 1, 50, 1);
     23                  osal_start_timerEx(task_id, 0x0001, 1);
     24                  // 启动定时器, 设置1秒钟后再次触发该任务
     25              }
     26              if(events & 0x0002)
     27              {
     28                  // 控制LED闪烁
     29                  HalLedBlink(HAL_LED_2, 1, 25, 1);
     30                  // 启动定时器, 设置1秒钟后再次触发该任务
     31                  osal_start_timerEx(task_id, 0x0002, 1);
     32              }
     33              // 清除定时器事件标志
     34              return (events ^ 0x0003);
     35            }
     36          }
     37          #endif
     38          
     39          // 任务列表
     40          const pTaskEventHandlerFn tasksArr[] = {
     41              macEventLoop,
     42              nwk_event_loop,
     43              Hal_ProcessEvent,
     44          #if defined( MT_TASK )
     45              MT_ProcessEvent,
     46          #endif
     47              APS_event_loop,
     48          #if defined ( ZIGBEE_FRAGMENTATION )
     49              APSF_ProcessEvent,
     50          #endif
     51              ZDApp_event_loop,
     52          #if defined ( ZIGBEE_FREQ_AGILITY ) || defined ( ZIGBEE_PANID_CONFLICT )
     53              ZDNwkMgr_event_loop,
     54          #endif
     55          #if defined(SAPP_ZSTACK)
     56              sapp_controlEpProcess,
     57              sapp_functionEpProcess,
     58          #endif
     59          #if defined(SAPP_ZSTACK_DEMO)
     60              // 任务建立实验范例代码
     61              // 任务列表
     62              Hello_ProcessEvent,
     63          #endif
     64          };
     65          const uint8 tasksCnt = sizeof(tasksArr)/sizeof(tasksArr[0]);
     66          
     67          // 初始化任务
     68          void osalInitTasks( void )
     69          {
     70              uint8 taskID = 0;
     71          
     72              macTaskInit( taskID++ );
     73              nwk_init( taskID++ );
     74              Hal_Init( taskID++ );
     75          #if defined( MT_TASK )
     76              MT_TaskInit( taskID++ );
     77          #endif
     78              APS_Init( taskID++ );
     79          #if defined ( ZIGBEE_FRAGMENTATION )
     80              APSF_Init( taskID++ );
     81          #endif
     82              ZDApp_Init( taskID++ );
     83          #if defined ( ZIGBEE_FREQ_AGILITY ) || defined ( ZIGBEE_PANID_CONFLICT )
     84              ZDNwkMgr_Init( taskID++ );
     85          #endif
     86          #if defined(SAPP_ZSTACK)
     87              sapp_taskInitProcess();
     88          #endif
     89          #if defined(SAPP_ZSTACK_DEMO)
     90              // 任务建立实验范例代码
     91              // 启动定时器
     92              osal_start_timerEx(taskID, 0x0001, 1);
     93              osal_start_timerEx(taskID, 0x0002, 1);
     94          #endif
     95          }

Errors: 6
Warnings: 1
